[0;34mđź”Ť Reviewing SSH Keys[0m
[0;32mâś… 1 SSH keys found.[0m
[
  {
    "id": 128999599,
    "key": "ssh-ed25519 AAAAC3NzaC1lZDI1NTE5AAAAID9ca/3PuvGviLZnVltMCYI0l7B2IG3Tj4csf+VNl0Z9",
    "created_at": "2025-08-12T06:33:43Z",
    "last_used": "2025-08-12T12:35:25Z",
    "url": "https://api.github.com/user/keys/128999599",
    "title": "Home_pc",
    "verified": true,
    "read_only": false
  }
]

[0;34mđź”Ť Reviewing GPG Keys[0m
[0;32mâś… 1 GPG keys found.[0m
[
  {
    "id": 4322594,
    "primary_key_id": null,
    "key_id": "786D6664CAE55EA0",
    "raw_key": "-----BEGIN PGP PUBLIC KEY BLOCK-----\r\n\r\nmQINBGia4bkBEACt9NkI7Tbbnx/LoEN02OmprB5R5MY1zVWzxqcSAXoN4eJMBzyg\r\nGKFD4lVntXBzgUDZYw27LB3CdaecBMV4k9b0VESilZ+iBAtTVuyZQ8AZHtRWQMSK\r\nV23Bvhy88Z/bU+eJ5/Oc7RlwZqoGI/o1H/Up7bXhJ3prkeJJeZ2V745nC4c2qfqK\r\nJg4Me4GvdHfSfUOKy5knivsfVU4mpjRG7/N1TUHuVzwXWI0+f4egeyGx2trjYMrc\r\n0cfZpqsuy56IRXH228w4OW6odmy73KXQ7OiSw2MoZYglNn2CeBptCslYIq6PZG/4\r\nXhXBjqmz2Q4e4OMJqov0GkGUnGAuTmKqA/uJM/qWhCF0nYb0R/GbhKI57QNgkxpx\r\nZs0voMc6aQLG0lbaeN5mOvTxXZXiHJ4cuFT/GbUjoxhp22lGvOmSDS9xqlMyyY7b\r\nE2fZd5qh5eyH2kyd8vHoS1Zs53TPX6cwqG2CF9o6aGKStz/aPiTg4UZo7+W8Mil5\r\nQhf1uzglvRx5cMus+9ZJE3FArq9gOLIw0JN/Yhgr+Zok6D7S/N1Fh1cTaIv4YyDC\r\nbScuZ9lYVjMsUdEo0zhVnbtBg5MIXHrDWi9LOPyvk25S0uc2FcfArBnVh8kD1EiR\r\nNHzLYCb0AmlJZ4xY4vrSPASGPCQ10Ct0u5pRcAMVdgXzdoLudAnb8SaSOwARAQAB\r\ntDRob21lX3BjX2dwZyAoaXRzIGZvciB0cmFpbCBvbmx5KSA8bnNvbmk0NEBnbWFp\r\nbC5jb20+iQJRBBMBCgA7FiEEfkDC1Azl5YLEleNmeG1mZMrlXqAFAmia4bkCGwMF\r\nCwkIBwICIgIGFQoJCAsCBBYCAwECHgcCF4AACgkQeG1mZMrlXqCs0A//ZwOKNbi+\r\n14M9dHjOfrvUhyaBByLSkxJjjYmdhX8T29TrhxN1p3+x5sAnhtd9tx0iEjmoA2wQ\r\nzP6ZouVswa8z0oHM6B8VGCuc+wp8UF3mPBVUQg2INifIz42qBXv8Mym15JVBMCMR\r\nuTyFbKB5YJ18MxWgS7Z4V8pEwh1mMGojlzmuWfCGWhk3p28HTpoR6+He9Upo2YRz\r\n+URTdTcoBy0BeVQGp8tJcLluCN2SPuRreJcuhZUwxfnGAQY4yfJv+d6dYfO16BwX\r\nWq2L8s+z22BMt9HtCaDe2WGZ1UG1oIRJNZpFyelNQeM296ZtKBaDh4GufudTEAtX\r\nDRtcNyKixp3CxwBDeLaHOnnyE823JDwGlivwe4IEA1mdibo8ANDsS3l55TEWH/rz\r\nUPZx3g/Da6pGqITgEJEj8sZ2TaaMulLXlJNxqKbez3UEqyoNMWgfOvQxiUzAVVVv\r\n+2i2lOb+Tt5kU/34U9TSVmBB3bRGUUJTKdnsqC9CHY/FXlrKfjuqLvvYv58LuSi/\r\nJIJHGdj3PJONiNdTBoNaXsMtjhPrx4iVIVGWoS5Sekbe1+j11o3fnnJTpF9BUFxU\r\n/CZWzsAhc1tyhGwhMz5wgq/9sKCd+fm4Cp+QpDz9HCFqx2kN4EdzzMtEHSO3B9rF\r\ntHauGEFeUfVpfnsLVg6u5evzffKZjQq5E+C5Ag0EaJrhuQEQAKVU3UMv2v8WD6ST\r\nCgyU3bFyiZhDITz+f/Bklrx75Izr9DAu0BDDUzunWXF57JdqGR9IH53LXrnorzKN\r\nFpXT5C7G89VweVpStG/Gp8miEFnuwHJROGecm2aA+jGY/VHiy6CttvkSKrKJ6s1p\r\nYc/N2YaQMWaON4VV74QPpfMCBzb0u92UcdUAVccNrizLPchCIruBpVIwoF5i7/lw\r\n328H38MEErPCoPD/xQLxCxk4xNakf/cXhDEitkY7I/NPj94LV02YCdVd+my04E8+\r\nHn7LAx73JlUWCaM3k5qAHSpPe3GNgOJktWRUNwAivnAf0l/qey0qGI/gp9JFbIF4\r\n1riadlR1oSzOnvM0OQmZomYIgPJt8vO2+40VXiFOrsGO+w5WXTtTWvZJgkx2R3zp\r\ny7OWf0iafcl3FvTKxZAJDhMmXjhDdRMVasOxwJmykXag+F6oeUuCmJf9w857UqdN\r\nb8ApHj/eMkZpYNf8ml1GRcffgseg3hJ2G5f8MNGDFhUrvIpuHhSZJut0QUia8gyE\r\nmjSWoHmbpZUCTRblShyax5B3Ui9miL3IsFVp0U0CZD+zYy4/3LKRtzbTn68fgUC2\r\nbez3UedH48xMqQ7msmdVhv21J8hov9bQxtvqXS5RtQGTGhs+uFlfCSztd2eRXCv6\r\nM+u+uMTWA2l+zVuyhuj6yNBFPVZhABEBAAGJAjYEGAEKACAWIQR+QMLUDOXlgsSV\r\n42Z4bWZkyuVeoAUCaJrhuQIbDAAKCRB4bWZkyuVeoHWaD/4+yyRJ0FJT/6CyHunv\r\n+q9/DsMw2ank+S8IFYvv1YeJjf7lEW6hwxYvvfQiPqyu+iQWtK+SvHIg+Ppj/Q8P\r\n2+YswxIrBMvb7GHSpRluGsr/UDnshKHVMJHhIVCuell2fmJWJOv01yjM6m/qajzF\r\nkF6Id/+TBGJrmSWfpUHyGTgz7jmqPmzi4CX0mbCDBPELGkDj8JNN5hht83J4Xns8\r\nXXR4jnxPZaWljTnQXEZx39n74VAa1eQq+jFckZKY1PhQezROrBX4qF+w8MGq4u0s\r\nTMuY045jJgDGdo/mIg9+JrUGXH34yOHz6zZtgNG3a6LoO9XbbHim1jJ+QIF7jvGL\r\nIs4tHryZq8gs/SDdmlF9pvdULe/1I1FGpr33xqYtkPKUIulWFsJIG8NVmL03chap\r\nMQ+T8sIaSP1zi31O3uJ8ERZTlkQj42p7go5B4tZuDbbsuzuMa7Tw+VoegqekR6gY\r\n52+s5Ixi60XrqwROya2UZyrpPYcSCbmgY0uoepivSbPPf19I98eTd2ULpl0kQ/TT\r\nny9m1Pq8RnRbknt0i7QHR3AsspvtCpFAA/6Bd74RIGUmyD1RzkxFoEvMmRmKHw4x\r\nS59OOv54GNV2HYWPfxBm2ZItBy7MZ6WYPJqaalZm7eqMCMOki0nUqvQ1F4zH7G/+\r\nYGpEHywZf4HmiuX5wRxkH4z9Uw==\r\n=kfuj\r\n-----END PGP PUBLIC KEY BLOCK-----",
    "public_key": "xsFNBGia4bkBEACt9NkI7Tbbnx/LoEN02OmprB5R5MY1zVWzxqcSAXoN4eJMBzygGKFD4lVntXBzgUDZYw27LB3CdaecBMV4k9b0VESilZ+iBAtTVuyZQ8AZHtRWQMSKV23Bvhy88Z/bU+eJ5/Oc7RlwZqoGI/o1H/Up7bXhJ3prkeJJeZ2V745nC4c2qfqKJg4Me4GvdHfSfUOKy5knivsfVU4mpjRG7/N1TUHuVzwXWI0+f4egeyGx2trjYMrc0cfZpqsuy56IRXH228w4OW6odmy73KXQ7OiSw2MoZYglNn2CeBptCslYIq6PZG/4XhXBjqmz2Q4e4OMJqov0GkGUnGAuTmKqA/uJM/qWhCF0nYb0R/GbhKI57QNgkxpxZs0voMc6aQLG0lbaeN5mOvTxXZXiHJ4cuFT/GbUjoxhp22lGvOmSDS9xqlMyyY7bE2fZd5qh5eyH2kyd8vHoS1Zs53TPX6cwqG2CF9o6aGKStz/aPiTg4UZo7+W8Mil5Qhf1uzglvRx5cMus+9ZJE3FArq9gOLIw0JN/Yhgr+Zok6D7S/N1Fh1cTaIv4YyDCbScuZ9lYVjMsUdEo0zhVnbtBg5MIXHrDWi9LOPyvk25S0uc2FcfArBnVh8kD1EiRNHzLYCb0AmlJZ4xY4vrSPASGPCQ10Ct0u5pRcAMVdgXzdoLudAnb8SaSOwARAQAB",
    "emails": [
      {
        "email": "nsoni44@gmail.com",
        "verified": true
      }
    ],
    "subkeys": [
      {
        "id": 4322595,
        "primary_key_id": 4322594,
        "key_id": "11D6F66E5D49A26E",
        "raw_key": null,
        "public_key": "zsFNBGia4bkBEAClVN1DL9r/Fg+kkwoMlN2xcomYQyE8/n/wZJa8e+SM6/QwLtAQw1M7p1lxeeyXahkfSB+dy1656K8yjRaV0+QuxvPVcHlaUrRvxqfJohBZ7sByUThnnJtmgPoxmP1R4sugrbb5EiqyierNaWHPzdmGkDFmjjeFVe+ED6XzAgc29LvdlHHVAFXHDa4syz3IQiK7gaVSMKBeYu/5cN9vB9/DBBKzwqDw/8UC8QsZOMTWpH/3F4QxIrZGOyPzT4/eC1dNmAnVXfpstOBPPh5+ywMe9yZVFgmjN5OagB0qT3txjYDiZLVkVDcAIr5wH9Jf6nstKhiP4KfSRWyBeNa4mnZUdaEszp7zNDkJmaJmCIDybfLztvuNFV4hTq7BjvsOVl07U1r2SYJMdkd86cuzln9Imn3Jdxb0ysWQCQ4TJl44Q3UTFWrDscCZspF2oPheqHlLgpiX/cPOe1KnTW/AKR4/3jJGaWDX/JpdRkXH34LHoN4SdhuX/DDRgxYVK7yKbh4UmSbrdEFImvIMhJo0lqB5m6WVAk0W5UocmseQd1IvZoi9yLBVadFNAmQ/s2MuP9yykbc205+vH4FAtm3s91HnR+PMTKkO5rJnVYb9tSfIaL/W0Mbb6l0uUbUBkxobPrhZXwks7XdnkVwr+jPrvrjE1gNpfs1bsobo+sjQRT1WYQARAQAB",
        "emails": [],
        "subkeys": [],
        "can_sign": false,
        "can_encrypt_comms": true,
        "can_encrypt_storage": true,
        "can_certify": false,
        "created_at": "2025-08-12T09:45:34.000+03:00",
        "expires_at": null,
        "revoked": false
      }
    ],
    "can_sign": true,
    "can_encrypt_comms": false,
    "can_encrypt_storage": false,
    "can_certify": true,
    "created_at": "2025-08-12T09:45:33.000+03:00",
    "expires_at": null,
    "revoked": false,
    "name": "home_pc_gpg"
  }
]
